<?xml version="1.0" encoding="UTF-8"?>
<coverage generated="1661355998490" clover="3.2.0">
  <project timestamp="1661355998490" name="All files">
    <metrics statements="69" coveredstatements="67" conditionals="34" coveredconditionals="31" methods="11" coveredmethods="11" elements="114" coveredelements="109" complexity="0" loc="69" ncloc="69" packages="1" files="6" classes="6"/>
    <file name="checkDnaInput.js" path="/Users/learning/Documents/projects/molBio/src/checkDnaInput.js">
      <metrics statements="9" coveredstatements="9" conditionals="4" coveredconditionals="4" methods="1" coveredmethods="1"/>
      <line num="1" count="1" type="stmt"/>
      <line num="3" count="8" type="stmt"/>
      <line num="5" count="8" type="stmt"/>
      <line num="7" count="8" type="stmt"/>
      <line num="9" count="8" type="cond" truecount="2" falsecount="0"/>
      <line num="10" count="1" type="stmt"/>
      <line num="13" count="7" type="stmt"/>
      <line num="14" count="216" type="cond" truecount="2" falsecount="0"/>
      <line num="15" count="3" type="stmt"/>
    </file>
    <file name="complementDNA.js" path="/Users/learning/Documents/projects/molBio/src/complementDNA.js">
      <metrics statements="12" coveredstatements="12" conditionals="8" coveredconditionals="7" methods="2" coveredmethods="2"/>
      <line num="2" count="5" type="stmt"/>
      <line num="3" count="5" type="stmt"/>
      <line num="4" count="5" type="stmt"/>
      <line num="5" count="12" type="cond" truecount="2" falsecount="0"/>
      <line num="6" count="3" type="stmt"/>
      <line num="7" count="9" type="cond" truecount="2" falsecount="0"/>
      <line num="8" count="3" type="stmt"/>
      <line num="9" count="6" type="cond" truecount="2" falsecount="0"/>
      <line num="10" count="3" type="stmt"/>
      <line num="11" count="3" type="cond" truecount="1" falsecount="1"/>
      <line num="12" count="3" type="stmt"/>
      <line num="15" count="5" type="stmt"/>
    </file>
    <file name="complementarity-tester.js" path="/Users/learning/Documents/projects/molBio/src/complementarity-tester.js">
      <metrics statements="14" coveredstatements="14" conditionals="6" coveredconditionals="6" methods="3" coveredmethods="3"/>
      <line num="1" count="1" type="stmt"/>
      <line num="2" count="12" type="stmt"/>
      <line num="3" count="12" type="stmt"/>
      <line num="4" count="289" type="stmt"/>
      <line num="6" count="12" type="stmt"/>
      <line num="7" count="12" type="stmt"/>
      <line num="8" count="12" type="stmt"/>
      <line num="11" count="1" type="stmt"/>
      <line num="12" count="4" type="stmt"/>
      <line num="13" count="4" type="cond" truecount="4" falsecount="0"/>
      <line num="14" count="1" type="stmt"/>
      <line num="16" count="3" type="cond" truecount="2" falsecount="0"/>
      <line num="17" count="2" type="stmt"/>
      <line num="19" count="1" type="stmt"/>
    </file>
    <file name="count-nt.js" path="/Users/learning/Documents/projects/molBio/src/count-nt.js">
      <metrics statements="14" coveredstatements="12" conditionals="12" coveredconditionals="10" methods="1" coveredmethods="1"/>
      <line num="1" count="1" type="stmt"/>
      <line num="3" count="4" type="stmt"/>
      <line num="5" count="4" type="stmt"/>
      <line num="7" count="4" type="stmt"/>
      <line num="9" count="4" type="cond" truecount="1" falsecount="1"/>
      <line num="10" count="0" type="stmt"/>
      <line num="13" count="4" type="stmt"/>
      <line num="14" count="205" type="cond" truecount="1" falsecount="1"/>
      <line num="15" count="0" type="stmt"/>
      <line num="18" count="205" type="cond" truecount="2" falsecount="0"/>
      <line num="19" count="205" type="cond" truecount="2" falsecount="0"/>
      <line num="20" count="205" type="cond" truecount="2" falsecount="0"/>
      <line num="21" count="205" type="cond" truecount="2" falsecount="0"/>
      <line num="24" count="4" type="stmt"/>
    </file>
    <file name="transcribe.js" path="/Users/learning/Documents/projects/molBio/src/transcribe.js">
      <metrics statements="2" coveredstatements="2" conditionals="0" coveredconditionals="0" methods="1" coveredmethods="1"/>
      <line num="1" count="1" type="stmt"/>
      <line num="2" count="4" type="stmt"/>
    </file>
    <file name="translate.js" path="/Users/learning/Documents/projects/molBio/src/translate.js">
      <metrics statements="18" coveredstatements="18" conditionals="4" coveredconditionals="4" methods="3" coveredmethods="3"/>
      <line num="1" count="1" type="stmt"/>
      <line num="25" count="1" type="stmt"/>
      <line num="93" count="1" type="stmt"/>
      <line num="94" count="2" type="stmt"/>
      <line num="95" count="2" type="stmt"/>
      <line num="96" count="2" type="stmt"/>
      <line num="97" count="6" type="stmt"/>
      <line num="99" count="2" type="stmt"/>
      <line num="102" count="1" type="stmt"/>
      <line num="103" count="9" type="cond" truecount="2" falsecount="0"/>
      <line num="106" count="1" type="stmt"/>
      <line num="107" count="5" type="stmt"/>
      <line num="108" count="5" type="cond" truecount="2" falsecount="0"/>
      <line num="109" count="3" type="stmt"/>
      <line num="114" count="2" type="stmt"/>
      <line num="116" count="2" type="stmt"/>
      <line num="117" count="6" type="stmt"/>
      <line num="120" count="2" type="stmt"/>
    </file>
  </project>
</coverage>
