{"/Users/learning/Documents/projects/molBio/src/checkDnaInput.js": {"path":"/Users/learning/Documents/projects/molBio/src/checkDnaInput.js","statementMap":{"0":{"start":{"line":1,"column":26},"end":{"line":15,"column":71}},"1":{"start":{"line":3,"column":17},"end":{"line":3,"column":43}},"2":{"start":{"line":5,"column":19},"end":{"line":5,"column":36}},"3":{"start":{"line":7,"column":24},"end":{"line":7,"column":44}},"4":{"start":{"line":9,"column":2},"end":{"line":11,"column":3}},"5":{"start":{"line":10,"column":4},"end":{"line":10,"column":28}},"6":{"start":{"line":13,"column":2},"end":{"line":15,"column":70}},"7":{"start":{"line":14,"column":4},"end":{"line":15,"column":69}},"8":{"start":{"line":15,"column":6},"end":{"line":15,"column":68}}},"fnMap":{"0":{"name":"(anonymous_0)","decl":{"start":{"line":1,"column":26},"end":{"line":1,"column":27}},"loc":{"start":{"line":1,"column":35},"end":{"line":15,"column":71}},"line":1}},"branchMap":{"0":{"loc":{"start":{"line":9,"column":2},"end":{"line":11,"column":3}},"type":"if","locations":[{"start":{"line":9,"column":2},"end":{"line":11,"column":3}},{"start":{},"end":{}}],"line":9},"1":{"loc":{"start":{"line":14,"column":4},"end":{"line":15,"column":69}},"type":"if","locations":[{"start":{"line":14,"column":4},"end":{"line":15,"column":69}},{"start":{},"end":{}}],"line":14}},"s":{"0":1,"1":8,"2":8,"3":8,"4":8,"5":1,"6":7,"7":216,"8":3},"f":{"0":8},"b":{"0":[1,7],"1":[3,213]},"_coverageSchema":"1a1c01bbd47fc00a2c39e90264f33305004495a9","hash":"19c053632d1dee976b36177c1b315cc233092e7e"}
,"/Users/learning/Documents/projects/molBio/src/complementDNA.js": {"path":"/Users/learning/Documents/projects/molBio/src/complementDNA.js","statementMap":{"0":{"start":{"line":2,"column":19},"end":{"line":2,"column":34}},"1":{"start":{"line":3,"column":25},"end":{"line":3,"column":27}},"2":{"start":{"line":4,"column":2},"end":{"line":14,"column":5}},"3":{"start":{"line":5,"column":4},"end":{"line":13,"column":5}},"4":{"start":{"line":6,"column":6},"end":{"line":6,"column":33}},"5":{"start":{"line":7,"column":11},"end":{"line":13,"column":5}},"6":{"start":{"line":8,"column":6},"end":{"line":8,"column":33}},"7":{"start":{"line":9,"column":11},"end":{"line":13,"column":5}},"8":{"start":{"line":10,"column":6},"end":{"line":10,"column":33}},"9":{"start":{"line":11,"column":11},"end":{"line":13,"column":5}},"10":{"start":{"line":12,"column":6},"end":{"line":12,"column":33}},"11":{"start":{"line":15,"column":2},"end":{"line":15,"column":35}}},"fnMap":{"0":{"name":"complementDNA","decl":{"start":{"line":1,"column":16},"end":{"line":1,"column":29}},"loc":{"start":{"line":1,"column":35},"end":{"line":16,"column":1}},"line":1},"1":{"name":"(anonymous_1)","decl":{"start":{"line":4,"column":15},"end":{"line":4,"column":16}},"loc":{"start":{"line":4,"column":22},"end":{"line":14,"column":3}},"line":4}},"branchMap":{"0":{"loc":{"start":{"line":5,"column":4},"end":{"line":13,"column":5}},"type":"if","locations":[{"start":{"line":5,"column":4},"end":{"line":13,"column":5}},{"start":{"line":7,"column":11},"end":{"line":13,"column":5}}],"line":5},"1":{"loc":{"start":{"line":7,"column":11},"end":{"line":13,"column":5}},"type":"if","locations":[{"start":{"line":7,"column":11},"end":{"line":13,"column":5}},{"start":{"line":9,"column":11},"end":{"line":13,"column":5}}],"line":7},"2":{"loc":{"start":{"line":9,"column":11},"end":{"line":13,"column":5}},"type":"if","locations":[{"start":{"line":9,"column":11},"end":{"line":13,"column":5}},{"start":{"line":11,"column":11},"end":{"line":13,"column":5}}],"line":9},"3":{"loc":{"start":{"line":11,"column":11},"end":{"line":13,"column":5}},"type":"if","locations":[{"start":{"line":11,"column":11},"end":{"line":13,"column":5}},{"start":{},"end":{}}],"line":11}},"s":{"0":5,"1":5,"2":5,"3":12,"4":3,"5":9,"6":3,"7":6,"8":3,"9":3,"10":3,"11":5},"f":{"0":5,"1":12},"b":{"0":[3,9],"1":[3,6],"2":[3,3],"3":[3,0]},"_coverageSchema":"1a1c01bbd47fc00a2c39e90264f33305004495a9","hash":"47cb808b0e1e811b429c3f8e00723d117ce6db81"}
,"/Users/learning/Documents/projects/molBio/src/complementarity-tester.js": {"path":"/Users/learning/Documents/projects/molBio/src/complementarity-tester.js","statementMap":{"0":{"start":{"line":1,"column":36},"end":{"line":9,"column":1}},"1":{"start":{"line":2,"column":19},"end":{"line":2,"column":32}},"2":{"start":{"line":3,"column":23},"end":{"line":5,"column":4}},"3":{"start":{"line":4,"column":4},"end":{"line":4,"column":50}},"4":{"start":{"line":6,"column":23},"end":{"line":6,"column":45}},"5":{"start":{"line":7,"column":27},"end":{"line":7,"column":48}},"6":{"start":{"line":8,"column":2},"end":{"line":8,"column":26}},"7":{"start":{"line":11,"column":24},"end":{"line":21,"column":1}},"8":{"start":{"line":12,"column":22},"end":{"line":12,"column":48}},"9":{"start":{"line":13,"column":2},"end":{"line":15,"column":3}},"10":{"start":{"line":14,"column":4},"end":{"line":14,"column":17}},"11":{"start":{"line":16,"column":2},"end":{"line":20,"column":3}},"12":{"start":{"line":17,"column":4},"end":{"line":17,"column":38}},"13":{"start":{"line":19,"column":4},"end":{"line":19,"column":38}}},"fnMap":{"0":{"name":"(anonymous_0)","decl":{"start":{"line":1,"column":36},"end":{"line":1,"column":37}},"loc":{"start":{"line":1,"column":45},"end":{"line":9,"column":1}},"line":1},"1":{"name":"(anonymous_1)","decl":{"start":{"line":3,"column":36},"end":{"line":3,"column":37}},"loc":{"start":{"line":3,"column":44},"end":{"line":5,"column":3}},"line":3},"2":{"name":"(anonymous_2)","decl":{"start":{"line":11,"column":24},"end":{"line":11,"column":25}},"loc":{"start":{"line":11,"column":40},"end":{"line":21,"column":1}},"line":11}},"branchMap":{"0":{"loc":{"start":{"line":13,"column":2},"end":{"line":15,"column":3}},"type":"if","locations":[{"start":{"line":13,"column":2},"end":{"line":15,"column":3}},{"start":{},"end":{}}],"line":13},"1":{"loc":{"start":{"line":13,"column":6},"end":{"line":13,"column":20}},"type":"binary-expr","locations":[{"start":{"line":13,"column":6},"end":{"line":13,"column":11}},{"start":{"line":13,"column":15},"end":{"line":13,"column":20}}],"line":13},"2":{"loc":{"start":{"line":16,"column":2},"end":{"line":20,"column":3}},"type":"if","locations":[{"start":{"line":16,"column":2},"end":{"line":20,"column":3}},{"start":{"line":18,"column":9},"end":{"line":20,"column":3}}],"line":16}},"s":{"0":1,"1":12,"2":12,"3":289,"4":12,"5":12,"6":12,"7":1,"8":4,"9":4,"10":1,"11":3,"12":2,"13":1},"f":{"0":12,"1":289,"2":4},"b":{"0":[1,3],"1":[4,4],"2":[2,1]},"_coverageSchema":"1a1c01bbd47fc00a2c39e90264f33305004495a9","hash":"02569440772723ccf8715f881ecbaf35a0b9220b"}
,"/Users/learning/Documents/projects/molBio/src/count-nt.js": {"path":"/Users/learning/Documents/projects/molBio/src/count-nt.js","statementMap":{"0":{"start":{"line":1,"column":32},"end":{"line":25,"column":1}},"1":{"start":{"line":3,"column":17},"end":{"line":3,"column":43}},"2":{"start":{"line":5,"column":19},"end":{"line":5,"column":36}},"3":{"start":{"line":7,"column":24},"end":{"line":7,"column":44}},"4":{"start":{"line":9,"column":2},"end":{"line":11,"column":3}},"5":{"start":{"line":10,"column":4},"end":{"line":10,"column":28}},"6":{"start":{"line":13,"column":2},"end":{"line":23,"column":3}},"7":{"start":{"line":14,"column":4},"end":{"line":22,"column":5}},"8":{"start":{"line":15,"column":6},"end":{"line":15,"column":69}},"9":{"start":{"line":18,"column":6},"end":{"line":18,"column":35}},"10":{"start":{"line":18,"column":22},"end":{"line":18,"column":35}},"11":{"start":{"line":19,"column":6},"end":{"line":19,"column":35}},"12":{"start":{"line":19,"column":22},"end":{"line":19,"column":35}},"13":{"start":{"line":20,"column":6},"end":{"line":20,"column":35}},"14":{"start":{"line":20,"column":22},"end":{"line":20,"column":35}},"15":{"start":{"line":21,"column":6},"end":{"line":21,"column":35}},"16":{"start":{"line":21,"column":22},"end":{"line":21,"column":35}},"17":{"start":{"line":24,"column":2},"end":{"line":24,"column":18}}},"fnMap":{"0":{"name":"(anonymous_0)","decl":{"start":{"line":1,"column":32},"end":{"line":1,"column":33}},"loc":{"start":{"line":1,"column":41},"end":{"line":25,"column":1}},"line":1}},"branchMap":{"0":{"loc":{"start":{"line":9,"column":2},"end":{"line":11,"column":3}},"type":"if","locations":[{"start":{"line":9,"column":2},"end":{"line":11,"column":3}},{"start":{},"end":{}}],"line":9},"1":{"loc":{"start":{"line":14,"column":4},"end":{"line":22,"column":5}},"type":"if","locations":[{"start":{"line":14,"column":4},"end":{"line":22,"column":5}},{"start":{"line":16,"column":11},"end":{"line":22,"column":5}}],"line":14},"2":{"loc":{"start":{"line":18,"column":6},"end":{"line":18,"column":35}},"type":"if","locations":[{"start":{"line":18,"column":6},"end":{"line":18,"column":35}},{"start":{},"end":{}}],"line":18},"3":{"loc":{"start":{"line":19,"column":6},"end":{"line":19,"column":35}},"type":"if","locations":[{"start":{"line":19,"column":6},"end":{"line":19,"column":35}},{"start":{},"end":{}}],"line":19},"4":{"loc":{"start":{"line":20,"column":6},"end":{"line":20,"column":35}},"type":"if","locations":[{"start":{"line":20,"column":6},"end":{"line":20,"column":35}},{"start":{},"end":{}}],"line":20},"5":{"loc":{"start":{"line":21,"column":6},"end":{"line":21,"column":35}},"type":"if","locations":[{"start":{"line":21,"column":6},"end":{"line":21,"column":35}},{"start":{},"end":{}}],"line":21}},"s":{"0":1,"1":4,"2":4,"3":4,"4":4,"5":0,"6":4,"7":205,"8":0,"9":205,"10":43,"11":205,"12":47,"13":205,"14":79,"15":205,"16":36,"17":4},"f":{"0":4},"b":{"0":[0,4],"1":[0,205],"2":[43,162],"3":[47,158],"4":[79,126],"5":[36,169]},"_coverageSchema":"1a1c01bbd47fc00a2c39e90264f33305004495a9","hash":"c28aa0b8813d49af4b9acbda2c1a45d8bc90ded5"}
,"/Users/learning/Documents/projects/molBio/src/transcribe.js": {"path":"/Users/learning/Documents/projects/molBio/src/transcribe.js","statementMap":{"0":{"start":{"line":1,"column":26},"end":{"line":3,"column":1}},"1":{"start":{"line":2,"column":2},"end":{"line":2,"column":34}}},"fnMap":{"0":{"name":"(anonymous_0)","decl":{"start":{"line":1,"column":26},"end":{"line":1,"column":27}},"loc":{"start":{"line":1,"column":35},"end":{"line":3,"column":1}},"line":1}},"branchMap":{},"s":{"0":1,"1":4},"f":{"0":4},"b":{},"_coverageSchema":"1a1c01bbd47fc00a2c39e90264f33305004495a9","hash":"04da422535e591e058f38d56c6b5fb5463f770ae"}
,"/Users/learning/Documents/projects/molBio/src/translate.js": {"path":"/Users/learning/Documents/projects/molBio/src/translate.js","statementMap":{"0":{"start":{"line":1,"column":18},"end":{"line":23,"column":1}},"1":{"start":{"line":25,"column":23},"end":{"line":90,"column":1}},"2":{"start":{"line":93,"column":19},"end":{"line":100,"column":1}},"3":{"start":{"line":94,"column":18},"end":{"line":94,"column":20}},"4":{"start":{"line":95,"column":19},"end":{"line":95,"column":36}},"5":{"start":{"line":96,"column":2},"end":{"line":98,"column":3}},"6":{"start":{"line":96,"column":15},"end":{"line":96,"column":16}},"7":{"start":{"line":97,"column":4},"end":{"line":97,"column":45}},"8":{"start":{"line":99,"column":2},"end":{"line":99,"column":19}},"9":{"start":{"line":102,"column":25},"end":{"line":104,"column":1}},"10":{"start":{"line":103,"column":2},"end":{"line":103,"column":45}},"11":{"start":{"line":106,"column":21},"end":{"line":121,"column":1}},"12":{"start":{"line":107,"column":16},"end":{"line":107,"column":18}},"13":{"start":{"line":108,"column":2},"end":{"line":119,"column":3}},"14":{"start":{"line":109,"column":4},"end":{"line":111,"column":6}},"15":{"start":{"line":114,"column":21},"end":{"line":114,"column":36}},"16":{"start":{"line":116,"column":4},"end":{"line":118,"column":5}},"17":{"start":{"line":117,"column":6},"end":{"line":117,"column":42}},"18":{"start":{"line":120,"column":2},"end":{"line":120,"column":26}}},"fnMap":{"0":{"name":"(anonymous_0)","decl":{"start":{"line":93,"column":19},"end":{"line":93,"column":20}},"loc":{"start":{"line":93,"column":28},"end":{"line":100,"column":1}},"line":93},"1":{"name":"(anonymous_1)","decl":{"start":{"line":102,"column":25},"end":{"line":102,"column":26}},"loc":{"start":{"line":102,"column":34},"end":{"line":104,"column":1}},"line":102},"2":{"name":"(anonymous_2)","decl":{"start":{"line":106,"column":21},"end":{"line":106,"column":22}},"loc":{"start":{"line":106,"column":30},"end":{"line":121,"column":1}},"line":106}},"branchMap":{"0":{"loc":{"start":{"line":103,"column":9},"end":{"line":103,"column":44}},"type":"cond-expr","locations":[{"start":{"line":103,"column":32},"end":{"line":103,"column":36}},{"start":{"line":103,"column":39},"end":{"line":103,"column":44}}],"line":103},"1":{"loc":{"start":{"line":108,"column":2},"end":{"line":119,"column":3}},"type":"if","locations":[{"start":{"line":108,"column":2},"end":{"line":119,"column":3}},{"start":{"line":112,"column":9},"end":{"line":119,"column":3}}],"line":108}},"s":{"0":1,"1":1,"2":1,"3":2,"4":2,"5":2,"6":2,"7":6,"8":2,"9":1,"10":9,"11":1,"12":5,"13":5,"14":3,"15":2,"16":2,"17":6,"18":2},"f":{"0":2,"1":9,"2":5},"b":{"0":[3,6],"1":[3,2]},"_coverageSchema":"1a1c01bbd47fc00a2c39e90264f33305004495a9","hash":"815892ce68e6008175891b47b5f316c9671a62fc"}
}
