TN:
SF:src/checkDnaInput.js
FN:1,(anonymous_0)
FNF:1
FNH:1
FNDA:8,(anonymous_0)
DA:1,1
DA:3,8
DA:5,8
DA:7,8
DA:9,8
DA:10,1
DA:13,7
DA:14,216
DA:15,3
LF:9
LH:9
BRDA:9,0,0,1
BRDA:9,0,1,7
BRDA:14,1,0,3
BRDA:14,1,1,213
BRF:4
BRH:4
end_of_record
TN:
SF:src/complementDNA.js
FN:1,complementDNA
FN:4,(anonymous_1)
FNF:2
FNH:2
FNDA:5,complementDNA
FNDA:12,(anonymous_1)
DA:2,5
DA:3,5
DA:4,5
DA:5,12
DA:6,3
DA:7,9
DA:8,3
DA:9,6
DA:10,3
DA:11,3
DA:12,3
DA:15,5
LF:12
LH:12
BRDA:5,0,0,3
BRDA:5,0,1,9
BRDA:7,1,0,3
BRDA:7,1,1,6
BRDA:9,2,0,3
BRDA:9,2,1,3
BRDA:11,3,0,3
BRDA:11,3,1,0
BRF:8
BRH:7
end_of_record
TN:
SF:src/complementarity-tester.js
FN:1,(anonymous_0)
FN:3,(anonymous_1)
FN:11,(anonymous_2)
FNF:3
FNH:3
FNDA:12,(anonymous_0)
FNDA:289,(anonymous_1)
FNDA:4,(anonymous_2)
DA:1,1
DA:2,12
DA:3,12
DA:4,289
DA:6,12
DA:7,12
DA:8,12
DA:11,1
DA:12,4
DA:13,4
DA:14,1
DA:16,3
DA:17,2
DA:19,1
LF:14
LH:14
BRDA:13,0,0,1
BRDA:13,0,1,3
BRDA:13,1,0,4
BRDA:13,1,1,4
BRDA:16,2,0,2
BRDA:16,2,1,1
BRF:6
BRH:6
end_of_record
TN:
SF:src/count-nt.js
FN:1,(anonymous_0)
FNF:1
FNH:1
FNDA:4,(anonymous_0)
DA:1,1
DA:3,4
DA:5,4
DA:7,4
DA:9,4
DA:10,0
DA:13,4
DA:14,205
DA:15,0
DA:18,205
DA:19,205
DA:20,205
DA:21,205
DA:24,4
LF:14
LH:12
BRDA:9,0,0,0
BRDA:9,0,1,4
BRDA:14,1,0,0
BRDA:14,1,1,205
BRDA:18,2,0,43
BRDA:18,2,1,162
BRDA:19,3,0,47
BRDA:19,3,1,158
BRDA:20,4,0,79
BRDA:20,4,1,126
BRDA:21,5,0,36
BRDA:21,5,1,169
BRF:12
BRH:10
end_of_record
TN:
SF:src/transcribe.js
FN:1,(anonymous_0)
FNF:1
FNH:1
FNDA:4,(anonymous_0)
DA:1,1
DA:2,4
LF:2
LH:2
BRF:0
BRH:0
end_of_record
TN:
SF:src/translate.js
FN:93,(anonymous_0)
FN:102,(anonymous_1)
FN:106,(anonymous_2)
FNF:3
FNH:3
FNDA:2,(anonymous_0)
FNDA:9,(anonymous_1)
FNDA:5,(anonymous_2)
DA:1,1
DA:25,1
DA:93,1
DA:94,2
DA:95,2
DA:96,2
DA:97,6
DA:99,2
DA:102,1
DA:103,9
DA:106,1
DA:107,5
DA:108,5
DA:109,3
DA:114,2
DA:116,2
DA:117,6
DA:120,2
LF:18
LH:18
BRDA:103,0,0,3
BRDA:103,0,1,6
BRDA:108,1,0,3
BRDA:108,1,1,2
BRF:4
BRH:4
end_of_record
